{"/home/swapnil/Desktop/Projects/node-demo/Api.js": {"path":"/home/swapnil/Desktop/Projects/node-demo/Api.js","statementMap":{"0":{"start":{"line":1,"column":16},"end":{"line":1,"column":34}},"1":{"start":{"line":2,"column":12},"end":{"line":2,"column":21}},"2":{"start":{"line":3,"column":16},"end":{"line":3,"column":34}},"3":{"start":{"line":4,"column":0},"end":{"line":4,"column":33}},"4":{"start":{"line":5,"column":0},"end":{"line":5,"column":26}},"5":{"start":{"line":6,"column":0},"end":{"line":6,"column":31}},"6":{"start":{"line":7,"column":0},"end":{"line":7,"column":30}},"7":{"start":{"line":8,"column":0},"end":{"line":8,"column":34}},"8":{"start":{"line":10,"column":13},"end":{"line":10,"column":37}},"9":{"start":{"line":11,"column":15},"end":{"line":13,"column":1}},"10":{"start":{"line":12,"column":2},"end":{"line":12,"column":43}},"11":{"start":{"line":15,"column":0},"end":{"line":15,"column":24}}},"fnMap":{"0":{"name":"(anonymous_0)","decl":{"start":{"line":11,"column":32},"end":{"line":11,"column":33}},"loc":{"start":{"line":12,"column":2},"end":{"line":12,"column":43}},"line":12}},"branchMap":{"0":{"loc":{"start":{"line":10,"column":13},"end":{"line":10,"column":37}},"type":"binary-expr","locations":[{"start":{"line":10,"column":13},"end":{"line":10,"column":29}},{"start":{"line":10,"column":33},"end":{"line":10,"column":37}}],"line":10}},"s":{"0":2,"1":2,"2":2,"3":2,"4":2,"5":2,"6":2,"7":2,"8":2,"9":2,"10":2,"11":2},"f":{"0":2},"b":{"0":[2,0]},"_coverageSchema":"1a1c01bbd47fc00a2c39e90264f33305004495a9","hash":"da54b75175da798ea9f9abc2e5edb49213042ce5"}
,"/home/swapnil/Desktop/Projects/node-demo/Middleware/admin.js": {"path":"/home/swapnil/Desktop/Projects/node-demo/Middleware/admin.js","statementMap":{"0":{"start":{"line":1,"column":0},"end":{"line":5,"column":2}},"1":{"start":{"line":2,"column":2},"end":{"line":2,"column":70}},"2":{"start":{"line":2,"column":25},"end":{"line":2,"column":70}},"3":{"start":{"line":4,"column":2},"end":{"line":4,"column":9}}},"fnMap":{"0":{"name":"(anonymous_0)","decl":{"start":{"line":1,"column":17},"end":{"line":1,"column":18}},"loc":{"start":{"line":1,"column":43},"end":{"line":5,"column":1}},"line":1}},"branchMap":{"0":{"loc":{"start":{"line":2,"column":2},"end":{"line":2,"column":70}},"type":"if","locations":[{"start":{"line":2,"column":2},"end":{"line":2,"column":70}},{"start":{"line":2,"column":2},"end":{"line":2,"column":70}}],"line":2}},"s":{"0":2,"1":0,"2":0,"3":0},"f":{"0":0},"b":{"0":[0,0]},"_coverageSchema":"1a1c01bbd47fc00a2c39e90264f33305004495a9","hash":"fbb83adc2ad6437e784ead493ff0e6a61f71d24a"}
,"/home/swapnil/Desktop/Projects/node-demo/Middleware/auth.js": {"path":"/home/swapnil/Desktop/Projects/node-demo/Middleware/auth.js","statementMap":{"0":{"start":{"line":1,"column":12},"end":{"line":1,"column":35}},"1":{"start":{"line":2,"column":15},"end":{"line":2,"column":32}},"2":{"start":{"line":5,"column":16},"end":{"line":5,"column":42}},"3":{"start":{"line":6,"column":2},"end":{"line":6,"column":59}},"4":{"start":{"line":6,"column":14},"end":{"line":6,"column":59}},"5":{"start":{"line":7,"column":2},"end":{"line":13,"column":3}},"6":{"start":{"line":8,"column":20},"end":{"line":8,"column":66}},"7":{"start":{"line":9,"column":4},"end":{"line":9,"column":23}},"8":{"start":{"line":10,"column":4},"end":{"line":10,"column":11}},"9":{"start":{"line":12,"column":4},"end":{"line":12,"column":42}},"10":{"start":{"line":16,"column":0},"end":{"line":16,"column":22}}},"fnMap":{"0":{"name":"auth","decl":{"start":{"line":4,"column":9},"end":{"line":4,"column":13}},"loc":{"start":{"line":4,"column":30},"end":{"line":14,"column":1}},"line":4}},"branchMap":{"0":{"loc":{"start":{"line":6,"column":2},"end":{"line":6,"column":59}},"type":"if","locations":[{"start":{"line":6,"column":2},"end":{"line":6,"column":59}},{"start":{"line":6,"column":2},"end":{"line":6,"column":59}}],"line":6}},"s":{"0":3,"1":3,"2":8,"3":8,"4":2,"5":6,"6":6,"7":5,"8":5,"9":1,"10":3},"f":{"0":8},"b":{"0":[2,6]},"_coverageSchema":"1a1c01bbd47fc00a2c39e90264f33305004495a9","hash":"3e10345d51a6bf0ed1ef2639758090e4abf076d7"}
,"/home/swapnil/Desktop/Projects/node-demo/Middleware/error.js": {"path":"/home/swapnil/Desktop/Projects/node-demo/Middleware/error.js","statementMap":{"0":{"start":{"line":1,"column":16},"end":{"line":1,"column":34}},"1":{"start":{"line":3,"column":0},"end":{"line":6,"column":2}},"2":{"start":{"line":4,"column":2},"end":{"line":4,"column":34}},"3":{"start":{"line":5,"column":2},"end":{"line":5,"column":47}}},"fnMap":{"0":{"name":"(anonymous_0)","decl":{"start":{"line":3,"column":17},"end":{"line":3,"column":18}},"loc":{"start":{"line":3,"column":48},"end":{"line":6,"column":1}},"line":3}},"branchMap":{},"s":{"0":2,"1":2,"2":0,"3":0},"f":{"0":0},"b":{},"_coverageSchema":"1a1c01bbd47fc00a2c39e90264f33305004495a9","hash":"4bffbdfcf2123ac1ac9236f6f4789a454ef3a023"}
,"/home/swapnil/Desktop/Projects/node-demo/Middleware/validateObjectId.js": {"path":"/home/swapnil/Desktop/Projects/node-demo/Middleware/validateObjectId.js","statementMap":{"0":{"start":{"line":1,"column":17},"end":{"line":1,"column":36}},"1":{"start":{"line":3,"column":0},"end":{"line":8,"column":2}},"2":{"start":{"line":4,"column":2},"end":{"line":5,"column":46}},"3":{"start":{"line":5,"column":4},"end":{"line":5,"column":46}},"4":{"start":{"line":7,"column":2},"end":{"line":7,"column":9}}},"fnMap":{"0":{"name":"(anonymous_0)","decl":{"start":{"line":3,"column":17},"end":{"line":3,"column":18}},"loc":{"start":{"line":3,"column":43},"end":{"line":8,"column":1}},"line":3}},"branchMap":{"0":{"loc":{"start":{"line":4,"column":2},"end":{"line":5,"column":46}},"type":"if","locations":[{"start":{"line":4,"column":2},"end":{"line":5,"column":46}},{"start":{"line":4,"column":2},"end":{"line":5,"column":46}}],"line":4}},"s":{"0":2,"1":2,"2":2,"3":1,"4":1},"f":{"0":2},"b":{"0":[1,1]},"_coverageSchema":"1a1c01bbd47fc00a2c39e90264f33305004495a9","hash":"b0c091f5f15906aea079833ab183cf290dfd98ee"}
,"/home/swapnil/Desktop/Projects/node-demo/models/customer.js": {"path":"/home/swapnil/Desktop/Projects/node-demo/models/customer.js","statementMap":{"0":{"start":{"line":1,"column":12},"end":{"line":1,"column":26}},"1":{"start":{"line":2,"column":17},"end":{"line":2,"column":36}},"2":{"start":{"line":4,"column":23},"end":{"line":11,"column":2}},"3":{"start":{"line":13,"column":17},"end":{"line":13,"column":59}},"4":{"start":{"line":16,"column":17},"end":{"line":20,"column":3}},"5":{"start":{"line":21,"column":2},"end":{"line":21,"column":35}},"6":{"start":{"line":24,"column":0},"end":{"line":24,"column":28}},"7":{"start":{"line":25,"column":0},"end":{"line":25,"column":37}}},"fnMap":{"0":{"name":"validateCustomers","decl":{"start":{"line":15,"column":9},"end":{"line":15,"column":26}},"loc":{"start":{"line":15,"column":32},"end":{"line":22,"column":1}},"line":15}},"branchMap":{},"s":{"0":2,"1":2,"2":2,"3":2,"4":0,"5":0,"6":2,"7":2},"f":{"0":0},"b":{},"_coverageSchema":"1a1c01bbd47fc00a2c39e90264f33305004495a9","hash":"fd3bfc1facf8e0ed1117cb5fd48820855b2a5f3b"}
,"/home/swapnil/Desktop/Projects/node-demo/models/genres.js": {"path":"/home/swapnil/Desktop/Projects/node-demo/models/genres.js","statementMap":{"0":{"start":{"line":1,"column":12},"end":{"line":1,"column":26}},"1":{"start":{"line":2,"column":17},"end":{"line":2,"column":36}},"2":{"start":{"line":4,"column":20},"end":{"line":9,"column":2}},"3":{"start":{"line":11,"column":14},"end":{"line":11,"column":50}},"4":{"start":{"line":14,"column":17},"end":{"line":16,"column":3}},"5":{"start":{"line":17,"column":2},"end":{"line":17,"column":35}},"6":{"start":{"line":20,"column":0},"end":{"line":20,"column":22}},"7":{"start":{"line":21,"column":0},"end":{"line":21,"column":34}},"8":{"start":{"line":22,"column":0},"end":{"line":22,"column":29}}},"fnMap":{"0":{"name":"validateGenres","decl":{"start":{"line":13,"column":9},"end":{"line":13,"column":23}},"loc":{"start":{"line":13,"column":29},"end":{"line":18,"column":1}},"line":13}},"branchMap":{},"s":{"0":2,"1":2,"2":2,"3":2,"4":4,"5":4,"6":2,"7":2,"8":2},"f":{"0":4},"b":{},"_coverageSchema":"1a1c01bbd47fc00a2c39e90264f33305004495a9","hash":"0c3ecb4fe033076e49bf2267ae9b43dc7c270a80"}
,"/home/swapnil/Desktop/Projects/node-demo/models/movie.js": {"path":"/home/swapnil/Desktop/Projects/node-demo/models/movie.js","statementMap":{"0":{"start":{"line":1,"column":12},"end":{"line":1,"column":26}},"1":{"start":{"line":2,"column":17},"end":{"line":2,"column":36}},"2":{"start":{"line":3,"column":26},"end":{"line":3,"column":45}},"3":{"start":{"line":5,"column":20},"end":{"line":23,"column":2}},"4":{"start":{"line":25,"column":15},"end":{"line":25,"column":52}},"5":{"start":{"line":28,"column":17},"end":{"line":33,"column":3}},"6":{"start":{"line":34,"column":2},"end":{"line":34,"column":35}},"7":{"start":{"line":36,"column":0},"end":{"line":36,"column":34}},"8":{"start":{"line":37,"column":0},"end":{"line":37,"column":29}},"9":{"start":{"line":38,"column":0},"end":{"line":38,"column":24}}},"fnMap":{"0":{"name":"validateMovies","decl":{"start":{"line":27,"column":9},"end":{"line":27,"column":23}},"loc":{"start":{"line":27,"column":29},"end":{"line":35,"column":1}},"line":27}},"branchMap":{},"s":{"0":2,"1":2,"2":2,"3":2,"4":2,"5":0,"6":0,"7":2,"8":2,"9":2},"f":{"0":0},"b":{},"_coverageSchema":"1a1c01bbd47fc00a2c39e90264f33305004495a9","hash":"8f579894b273496747df790f7cfc9716590e4bdc"}
,"/home/swapnil/Desktop/Projects/node-demo/models/rentals.js": {"path":"/home/swapnil/Desktop/Projects/node-demo/models/rentals.js","statementMap":{"0":{"start":{"line":1,"column":17},"end":{"line":1,"column":36}},"1":{"start":{"line":2,"column":12},"end":{"line":2,"column":26}},"2":{"start":{"line":4,"column":21},"end":{"line":46,"column":2}},"3":{"start":{"line":48,"column":16},"end":{"line":48,"column":54}},"4":{"start":{"line":51,"column":17},"end":{"line":54,"column":3}},"5":{"start":{"line":55,"column":2},"end":{"line":55,"column":38}},"6":{"start":{"line":58,"column":0},"end":{"line":58,"column":26}},"7":{"start":{"line":59,"column":0},"end":{"line":59,"column":34}}},"fnMap":{"0":{"name":"validateRental","decl":{"start":{"line":50,"column":9},"end":{"line":50,"column":23}},"loc":{"start":{"line":50,"column":32},"end":{"line":56,"column":1}},"line":50}},"branchMap":{},"s":{"0":2,"1":2,"2":2,"3":2,"4":0,"5":0,"6":2,"7":2},"f":{"0":0},"b":{},"_coverageSchema":"1a1c01bbd47fc00a2c39e90264f33305004495a9","hash":"3a213c5bc55f0bcc55773f61088d0fd033c1cb59"}
,"/home/swapnil/Desktop/Projects/node-demo/models/user.js": {"path":"/home/swapnil/Desktop/Projects/node-demo/models/user.js","statementMap":{"0":{"start":{"line":1,"column":12},"end":{"line":1,"column":26}},"1":{"start":{"line":2,"column":17},"end":{"line":2,"column":36}},"2":{"start":{"line":3,"column":12},"end":{"line":3,"column":35}},"3":{"start":{"line":4,"column":15},"end":{"line":4,"column":32}},"4":{"start":{"line":5,"column":19},"end":{"line":13,"column":2}},"5":{"start":{"line":15,"column":0},"end":{"line":21,"column":2}},"6":{"start":{"line":16,"column":16},"end":{"line":19,"column":3}},"7":{"start":{"line":20,"column":2},"end":{"line":20,"column":15}},"8":{"start":{"line":23,"column":13},"end":{"line":23,"column":48}},"9":{"start":{"line":26,"column":17},"end":{"line":30,"column":3}},"10":{"start":{"line":31,"column":2},"end":{"line":31,"column":35}},"11":{"start":{"line":34,"column":0},"end":{"line":34,"column":20}},"12":{"start":{"line":35,"column":0},"end":{"line":35,"column":32}}},"fnMap":{"0":{"name":"(anonymous_0)","decl":{"start":{"line":15,"column":39},"end":{"line":15,"column":40}},"loc":{"start":{"line":15,"column":51},"end":{"line":21,"column":1}},"line":15},"1":{"name":"validateUser","decl":{"start":{"line":25,"column":9},"end":{"line":25,"column":21}},"loc":{"start":{"line":25,"column":27},"end":{"line":32,"column":1}},"line":25}},"branchMap":{},"s":{"0":4,"1":4,"2":4,"3":4,"4":4,"5":4,"6":12,"7":12,"8":4,"9":0,"10":0,"11":4,"12":4},"f":{"0":12,"1":0},"b":{},"_coverageSchema":"1a1c01bbd47fc00a2c39e90264f33305004495a9","hash":"1fdfc855c0ab01a8dec58d63c4c48cbdd09ef080"}
,"/home/swapnil/Desktop/Projects/node-demo/routes/auth.js": {"path":"/home/swapnil/Desktop/Projects/node-demo/routes/auth.js","statementMap":{"0":{"start":{"line":1,"column":16},"end":{"line":1,"column":34}},"1":{"start":{"line":2,"column":15},"end":{"line":2,"column":31}},"2":{"start":{"line":3,"column":17},"end":{"line":3,"column":42}},"3":{"start":{"line":4,"column":10},"end":{"line":4,"column":27}},"4":{"start":{"line":5,"column":12},"end":{"line":5,"column":26}},"5":{"start":{"line":6,"column":12},"end":{"line":6,"column":35}},"6":{"start":{"line":7,"column":15},"end":{"line":7,"column":32}},"7":{"start":{"line":8,"column":15},"end":{"line":8,"column":32}},"8":{"start":{"line":10,"column":0},"end":{"line":13,"column":3}},"9":{"start":{"line":11,"column":15},"end":{"line":11,"column":45}},"10":{"start":{"line":12,"column":2},"end":{"line":12,"column":17}},"11":{"start":{"line":15,"column":0},"end":{"line":27,"column":3}},"12":{"start":{"line":16,"column":20},"end":{"line":16,"column":42}},"13":{"start":{"line":17,"column":2},"end":{"line":17,"column":67}},"14":{"start":{"line":17,"column":13},"end":{"line":17,"column":67}},"15":{"start":{"line":19,"column":13},"end":{"line":19,"column":58}},"16":{"start":{"line":20,"column":2},"end":{"line":20,"column":73}},"17":{"start":{"line":20,"column":13},"end":{"line":20,"column":73}},"18":{"start":{"line":22,"column":24},"end":{"line":22,"column":78}},"19":{"start":{"line":23,"column":2},"end":{"line":24,"column":64}},"20":{"start":{"line":24,"column":4},"end":{"line":24,"column":64}},"21":{"start":{"line":25,"column":16},"end":{"line":25,"column":40}},"22":{"start":{"line":26,"column":2},"end":{"line":26,"column":18}},"23":{"start":{"line":30,"column":17},"end":{"line":33,"column":3}},"24":{"start":{"line":34,"column":2},"end":{"line":34,"column":35}},"25":{"start":{"line":37,"column":0},"end":{"line":37,"column":24}}},"fnMap":{"0":{"name":"(anonymous_0)","decl":{"start":{"line":10,"column":16},"end":{"line":10,"column":17}},"loc":{"start":{"line":10,"column":36},"end":{"line":13,"column":1}},"line":10},"1":{"name":"(anonymous_1)","decl":{"start":{"line":15,"column":17},"end":{"line":15,"column":18}},"loc":{"start":{"line":15,"column":37},"end":{"line":27,"column":1}},"line":15},"2":{"name":"validateUser","decl":{"start":{"line":29,"column":9},"end":{"line":29,"column":21}},"loc":{"start":{"line":29,"column":27},"end":{"line":35,"column":1}},"line":29}},"branchMap":{"0":{"loc":{"start":{"line":17,"column":2},"end":{"line":17,"column":67}},"type":"if","locations":[{"start":{"line":17,"column":2},"end":{"line":17,"column":67}},{"start":{"line":17,"column":2},"end":{"line":17,"column":67}}],"line":17},"1":{"loc":{"start":{"line":20,"column":2},"end":{"line":20,"column":73}},"type":"if","locations":[{"start":{"line":20,"column":2},"end":{"line":20,"column":73}},{"start":{"line":20,"column":2},"end":{"line":20,"column":73}}],"line":20},"2":{"loc":{"start":{"line":23,"column":2},"end":{"line":24,"column":64}},"type":"if","locations":[{"start":{"line":23,"column":2},"end":{"line":24,"column":64}},{"start":{"line":23,"column":2},"end":{"line":24,"column":64}}],"line":23}},"s":{"0":2,"1":2,"2":2,"3":2,"4":2,"5":2,"6":2,"7":2,"8":2,"9":0,"10":0,"11":2,"12":0,"13":0,"14":0,"15":0,"16":0,"17":0,"18":0,"19":0,"20":0,"21":0,"22":0,"23":0,"24":0,"25":2},"f":{"0":0,"1":0,"2":0},"b":{"0":[0,0],"1":[0,0],"2":[0,0]},"_coverageSchema":"1a1c01bbd47fc00a2c39e90264f33305004495a9","hash":"8da1bf298c79239942231e12e2f7458200b7f14e"}
,"/home/swapnil/Desktop/Projects/node-demo/routes/customers.js": {"path":"/home/swapnil/Desktop/Projects/node-demo/routes/customers.js","statementMap":{"0":{"start":{"line":1,"column":16},"end":{"line":1,"column":34}},"1":{"start":{"line":2,"column":15},"end":{"line":2,"column":31}},"2":{"start":{"line":3,"column":31},"end":{"line":3,"column":60}},"3":{"start":{"line":4,"column":13},"end":{"line":4,"column":42}},"4":{"start":{"line":6,"column":0},"end":{"line":9,"column":3}},"5":{"start":{"line":7,"column":19},"end":{"line":7,"column":53}},"6":{"start":{"line":8,"column":2},"end":{"line":8,"column":21}},"7":{"start":{"line":11,"column":0},"end":{"line":21,"column":3}},"8":{"start":{"line":12,"column":20},"end":{"line":12,"column":38}},"9":{"start":{"line":13,"column":2},"end":{"line":13,"column":67}},"10":{"start":{"line":13,"column":13},"end":{"line":13,"column":67}},"11":{"start":{"line":14,"column":19},"end":{"line":18,"column":4}},"12":{"start":{"line":19,"column":2},"end":{"line":19,"column":24}},"13":{"start":{"line":20,"column":2},"end":{"line":20,"column":21}},"14":{"start":{"line":23,"column":0},"end":{"line":37,"column":3}},"15":{"start":{"line":24,"column":20},"end":{"line":24,"column":38}},"16":{"start":{"line":25,"column":2},"end":{"line":25,"column":67}},"17":{"start":{"line":25,"column":13},"end":{"line":25,"column":67}},"18":{"start":{"line":27,"column":19},"end":{"line":33,"column":3}},"19":{"start":{"line":34,"column":2},"end":{"line":34,"column":67}},"20":{"start":{"line":34,"column":17},"end":{"line":34,"column":67}},"21":{"start":{"line":36,"column":2},"end":{"line":36,"column":21}},"22":{"start":{"line":39,"column":0},"end":{"line":44,"column":3}},"23":{"start":{"line":40,"column":19},"end":{"line":40,"column":66}},"24":{"start":{"line":41,"column":2},"end":{"line":41,"column":67}},"25":{"start":{"line":41,"column":17},"end":{"line":41,"column":67}},"26":{"start":{"line":43,"column":2},"end":{"line":43,"column":21}},"27":{"start":{"line":46,"column":0},"end":{"line":51,"column":3}},"28":{"start":{"line":47,"column":19},"end":{"line":47,"column":57}},"29":{"start":{"line":48,"column":2},"end":{"line":48,"column":67}},"30":{"start":{"line":48,"column":17},"end":{"line":48,"column":67}},"31":{"start":{"line":50,"column":2},"end":{"line":50,"column":21}},"32":{"start":{"line":53,"column":0},"end":{"line":53,"column":24}}},"fnMap":{"0":{"name":"(anonymous_0)","decl":{"start":{"line":6,"column":16},"end":{"line":6,"column":17}},"loc":{"start":{"line":6,"column":36},"end":{"line":9,"column":1}},"line":6},"1":{"name":"(anonymous_1)","decl":{"start":{"line":11,"column":23},"end":{"line":11,"column":24}},"loc":{"start":{"line":11,"column":43},"end":{"line":21,"column":1}},"line":11},"2":{"name":"(anonymous_2)","decl":{"start":{"line":23,"column":19},"end":{"line":23,"column":20}},"loc":{"start":{"line":23,"column":39},"end":{"line":37,"column":1}},"line":23},"3":{"name":"(anonymous_3)","decl":{"start":{"line":39,"column":22},"end":{"line":39,"column":23}},"loc":{"start":{"line":39,"column":42},"end":{"line":44,"column":1}},"line":39},"4":{"name":"(anonymous_4)","decl":{"start":{"line":46,"column":19},"end":{"line":46,"column":20}},"loc":{"start":{"line":46,"column":39},"end":{"line":51,"column":1}},"line":46}},"branchMap":{"0":{"loc":{"start":{"line":13,"column":2},"end":{"line":13,"column":67}},"type":"if","locations":[{"start":{"line":13,"column":2},"end":{"line":13,"column":67}},{"start":{"line":13,"column":2},"end":{"line":13,"column":67}}],"line":13},"1":{"loc":{"start":{"line":25,"column":2},"end":{"line":25,"column":67}},"type":"if","locations":[{"start":{"line":25,"column":2},"end":{"line":25,"column":67}},{"start":{"line":25,"column":2},"end":{"line":25,"column":67}}],"line":25},"2":{"loc":{"start":{"line":34,"column":2},"end":{"line":34,"column":67}},"type":"if","locations":[{"start":{"line":34,"column":2},"end":{"line":34,"column":67}},{"start":{"line":34,"column":2},"end":{"line":34,"column":67}}],"line":34},"3":{"loc":{"start":{"line":41,"column":2},"end":{"line":41,"column":67}},"type":"if","locations":[{"start":{"line":41,"column":2},"end":{"line":41,"column":67}},{"start":{"line":41,"column":2},"end":{"line":41,"column":67}}],"line":41},"4":{"loc":{"start":{"line":48,"column":2},"end":{"line":48,"column":67}},"type":"if","locations":[{"start":{"line":48,"column":2},"end":{"line":48,"column":67}},{"start":{"line":48,"column":2},"end":{"line":48,"column":67}}],"line":48}},"s":{"0":2,"1":2,"2":2,"3":2,"4":2,"5":0,"6":0,"7":2,"8":0,"9":0,"10":0,"11":0,"12":0,"13":0,"14":2,"15":0,"16":0,"17":0,"18":0,"19":0,"20":0,"21":0,"22":2,"23":0,"24":0,"25":0,"26":0,"27":2,"28":0,"29":0,"30":0,"31":0,"32":2},"f":{"0":0,"1":0,"2":0,"3":0,"4":0},"b":{"0":[0,0],"1":[0,0],"2":[0,0],"3":[0,0],"4":[0,0]},"_coverageSchema":"1a1c01bbd47fc00a2c39e90264f33305004495a9","hash":"400a7c5348f4035cae15f67d656cffe26f662e6e"}
,"/home/swapnil/Desktop/Projects/node-demo/routes/genres.js": {"path":"/home/swapnil/Desktop/Projects/node-demo/routes/genres.js","statementMap":{"0":{"start":{"line":1,"column":16},"end":{"line":1,"column":34}},"1":{"start":{"line":2,"column":15},"end":{"line":2,"column":31}},"2":{"start":{"line":3,"column":28},"end":{"line":3,"column":55}},"3":{"start":{"line":4,"column":13},"end":{"line":4,"column":42}},"4":{"start":{"line":5,"column":14},"end":{"line":5,"column":44}},"5":{"start":{"line":6,"column":25},"end":{"line":6,"column":66}},"6":{"start":{"line":8,"column":0},"end":{"line":11,"column":3}},"7":{"start":{"line":9,"column":17},"end":{"line":9,"column":48}},"8":{"start":{"line":10,"column":2},"end":{"line":10,"column":19}},"9":{"start":{"line":13,"column":0},"end":{"line":19,"column":3}},"10":{"start":{"line":14,"column":20},"end":{"line":14,"column":38}},"11":{"start":{"line":15,"column":2},"end":{"line":15,"column":67}},"12":{"start":{"line":15,"column":13},"end":{"line":15,"column":67}},"13":{"start":{"line":16,"column":16},"end":{"line":16,"column":50}},"14":{"start":{"line":17,"column":2},"end":{"line":17,"column":21}},"15":{"start":{"line":18,"column":2},"end":{"line":18,"column":18}},"16":{"start":{"line":21,"column":0},"end":{"line":35,"column":3}},"17":{"start":{"line":22,"column":20},"end":{"line":22,"column":38}},"18":{"start":{"line":23,"column":2},"end":{"line":23,"column":74}},"19":{"start":{"line":23,"column":13},"end":{"line":23,"column":74}},"20":{"start":{"line":25,"column":16},"end":{"line":31,"column":3}},"21":{"start":{"line":32,"column":2},"end":{"line":32,"column":62}},"22":{"start":{"line":32,"column":14},"end":{"line":32,"column":62}},"23":{"start":{"line":34,"column":2},"end":{"line":34,"column":18}},"24":{"start":{"line":37,"column":0},"end":{"line":42,"column":3}},"25":{"start":{"line":38,"column":16},"end":{"line":38,"column":60}},"26":{"start":{"line":39,"column":2},"end":{"line":39,"column":62}},"27":{"start":{"line":39,"column":14},"end":{"line":39,"column":62}},"28":{"start":{"line":41,"column":2},"end":{"line":41,"column":18}},"29":{"start":{"line":44,"column":0},"end":{"line":49,"column":3}},"30":{"start":{"line":45,"column":17},"end":{"line":45,"column":52}},"31":{"start":{"line":46,"column":2},"end":{"line":46,"column":62}},"32":{"start":{"line":46,"column":15},"end":{"line":46,"column":62}},"33":{"start":{"line":48,"column":2},"end":{"line":48,"column":19}},"34":{"start":{"line":51,"column":0},"end":{"line":51,"column":24}}},"fnMap":{"0":{"name":"(anonymous_0)","decl":{"start":{"line":8,"column":16},"end":{"line":8,"column":17}},"loc":{"start":{"line":8,"column":36},"end":{"line":11,"column":1}},"line":8},"1":{"name":"(anonymous_1)","decl":{"start":{"line":13,"column":23},"end":{"line":13,"column":24}},"loc":{"start":{"line":13,"column":43},"end":{"line":19,"column":1}},"line":13},"2":{"name":"(anonymous_2)","decl":{"start":{"line":21,"column":19},"end":{"line":21,"column":20}},"loc":{"start":{"line":21,"column":39},"end":{"line":35,"column":1}},"line":21},"3":{"name":"(anonymous_3)","decl":{"start":{"line":37,"column":37},"end":{"line":37,"column":38}},"loc":{"start":{"line":37,"column":57},"end":{"line":42,"column":1}},"line":37},"4":{"name":"(anonymous_4)","decl":{"start":{"line":44,"column":37},"end":{"line":44,"column":38}},"loc":{"start":{"line":44,"column":57},"end":{"line":49,"column":1}},"line":44}},"branchMap":{"0":{"loc":{"start":{"line":15,"column":2},"end":{"line":15,"column":67}},"type":"if","locations":[{"start":{"line":15,"column":2},"end":{"line":15,"column":67}},{"start":{"line":15,"column":2},"end":{"line":15,"column":67}}],"line":15},"1":{"loc":{"start":{"line":23,"column":2},"end":{"line":23,"column":74}},"type":"if","locations":[{"start":{"line":23,"column":2},"end":{"line":23,"column":74}},{"start":{"line":23,"column":2},"end":{"line":23,"column":74}}],"line":23},"2":{"loc":{"start":{"line":32,"column":2},"end":{"line":32,"column":62}},"type":"if","locations":[{"start":{"line":32,"column":2},"end":{"line":32,"column":62}},{"start":{"line":32,"column":2},"end":{"line":32,"column":62}}],"line":32},"3":{"loc":{"start":{"line":39,"column":2},"end":{"line":39,"column":62}},"type":"if","locations":[{"start":{"line":39,"column":2},"end":{"line":39,"column":62}},{"start":{"line":39,"column":2},"end":{"line":39,"column":62}}],"line":39},"4":{"loc":{"start":{"line":46,"column":2},"end":{"line":46,"column":62}},"type":"if","locations":[{"start":{"line":46,"column":2},"end":{"line":46,"column":62}},{"start":{"line":46,"column":2},"end":{"line":46,"column":62}}],"line":46}},"s":{"0":2,"1":2,"2":2,"3":2,"4":2,"5":2,"6":2,"7":1,"8":1,"9":2,"10":4,"11":4,"12":1,"13":3,"14":3,"15":3,"16":2,"17":0,"18":0,"19":0,"20":0,"21":0,"22":0,"23":0,"24":2,"25":0,"26":0,"27":0,"28":0,"29":2,"30":1,"31":1,"32":0,"33":1,"34":2},"f":{"0":1,"1":4,"2":0,"3":0,"4":1},"b":{"0":[1,3],"1":[0,0],"2":[0,0],"3":[0,0],"4":[0,1]},"_coverageSchema":"1a1c01bbd47fc00a2c39e90264f33305004495a9","hash":"947005ed9037912de0df422aee22caa1b5dfc8fb"}
,"/home/swapnil/Desktop/Projects/node-demo/routes/movies.js": {"path":"/home/swapnil/Desktop/Projects/node-demo/routes/movies.js","statementMap":{"0":{"start":{"line":1,"column":16},"end":{"line":1,"column":34}},"1":{"start":{"line":2,"column":15},"end":{"line":2,"column":31}},"2":{"start":{"line":3,"column":29},"end":{"line":3,"column":55}},"3":{"start":{"line":4,"column":18},"end":{"line":4,"column":45}},"4":{"start":{"line":5,"column":13},"end":{"line":5,"column":42}},"5":{"start":{"line":7,"column":0},"end":{"line":10,"column":3}},"6":{"start":{"line":8,"column":16},"end":{"line":8,"column":49}},"7":{"start":{"line":9,"column":2},"end":{"line":9,"column":18}},"8":{"start":{"line":12,"column":0},"end":{"line":31,"column":3}},"9":{"start":{"line":13,"column":20},"end":{"line":13,"column":38}},"10":{"start":{"line":14,"column":2},"end":{"line":14,"column":67}},"11":{"start":{"line":14,"column":13},"end":{"line":14,"column":67}},"12":{"start":{"line":16,"column":16},"end":{"line":16,"column":54}},"13":{"start":{"line":17,"column":2},"end":{"line":17,"column":61}},"14":{"start":{"line":17,"column":14},"end":{"line":17,"column":61}},"15":{"start":{"line":19,"column":16},"end":{"line":27,"column":4}},"16":{"start":{"line":28,"column":2},"end":{"line":28,"column":21}},"17":{"start":{"line":30,"column":2},"end":{"line":30,"column":18}},"18":{"start":{"line":33,"column":0},"end":{"line":47,"column":3}},"19":{"start":{"line":34,"column":20},"end":{"line":34,"column":38}},"20":{"start":{"line":35,"column":2},"end":{"line":35,"column":74}},"21":{"start":{"line":35,"column":13},"end":{"line":35,"column":74}},"22":{"start":{"line":37,"column":16},"end":{"line":43,"column":3}},"23":{"start":{"line":44,"column":2},"end":{"line":44,"column":62}},"24":{"start":{"line":44,"column":14},"end":{"line":44,"column":62}},"25":{"start":{"line":46,"column":2},"end":{"line":46,"column":18}},"26":{"start":{"line":49,"column":0},"end":{"line":54,"column":3}},"27":{"start":{"line":50,"column":16},"end":{"line":50,"column":61}},"28":{"start":{"line":51,"column":2},"end":{"line":51,"column":62}},"29":{"start":{"line":51,"column":14},"end":{"line":51,"column":62}},"30":{"start":{"line":53,"column":2},"end":{"line":53,"column":18}},"31":{"start":{"line":56,"column":0},"end":{"line":61,"column":3}},"32":{"start":{"line":57,"column":16},"end":{"line":57,"column":52}},"33":{"start":{"line":58,"column":2},"end":{"line":58,"column":62}},"34":{"start":{"line":58,"column":14},"end":{"line":58,"column":62}},"35":{"start":{"line":60,"column":2},"end":{"line":60,"column":18}},"36":{"start":{"line":63,"column":0},"end":{"line":63,"column":24}}},"fnMap":{"0":{"name":"(anonymous_0)","decl":{"start":{"line":7,"column":16},"end":{"line":7,"column":17}},"loc":{"start":{"line":7,"column":36},"end":{"line":10,"column":1}},"line":7},"1":{"name":"(anonymous_1)","decl":{"start":{"line":12,"column":23},"end":{"line":12,"column":24}},"loc":{"start":{"line":12,"column":43},"end":{"line":31,"column":1}},"line":12},"2":{"name":"(anonymous_2)","decl":{"start":{"line":33,"column":19},"end":{"line":33,"column":20}},"loc":{"start":{"line":33,"column":39},"end":{"line":47,"column":1}},"line":33},"3":{"name":"(anonymous_3)","decl":{"start":{"line":49,"column":22},"end":{"line":49,"column":23}},"loc":{"start":{"line":49,"column":42},"end":{"line":54,"column":1}},"line":49},"4":{"name":"(anonymous_4)","decl":{"start":{"line":56,"column":19},"end":{"line":56,"column":20}},"loc":{"start":{"line":56,"column":39},"end":{"line":61,"column":1}},"line":56}},"branchMap":{"0":{"loc":{"start":{"line":14,"column":2},"end":{"line":14,"column":67}},"type":"if","locations":[{"start":{"line":14,"column":2},"end":{"line":14,"column":67}},{"start":{"line":14,"column":2},"end":{"line":14,"column":67}}],"line":14},"1":{"loc":{"start":{"line":17,"column":2},"end":{"line":17,"column":61}},"type":"if","locations":[{"start":{"line":17,"column":2},"end":{"line":17,"column":61}},{"start":{"line":17,"column":2},"end":{"line":17,"column":61}}],"line":17},"2":{"loc":{"start":{"line":35,"column":2},"end":{"line":35,"column":74}},"type":"if","locations":[{"start":{"line":35,"column":2},"end":{"line":35,"column":74}},{"start":{"line":35,"column":2},"end":{"line":35,"column":74}}],"line":35},"3":{"loc":{"start":{"line":44,"column":2},"end":{"line":44,"column":62}},"type":"if","locations":[{"start":{"line":44,"column":2},"end":{"line":44,"column":62}},{"start":{"line":44,"column":2},"end":{"line":44,"column":62}}],"line":44},"4":{"loc":{"start":{"line":51,"column":2},"end":{"line":51,"column":62}},"type":"if","locations":[{"start":{"line":51,"column":2},"end":{"line":51,"column":62}},{"start":{"line":51,"column":2},"end":{"line":51,"column":62}}],"line":51},"5":{"loc":{"start":{"line":58,"column":2},"end":{"line":58,"column":62}},"type":"if","locations":[{"start":{"line":58,"column":2},"end":{"line":58,"column":62}},{"start":{"line":58,"column":2},"end":{"line":58,"column":62}}],"line":58}},"s":{"0":2,"1":2,"2":2,"3":2,"4":2,"5":2,"6":0,"7":0,"8":2,"9":0,"10":0,"11":0,"12":0,"13":0,"14":0,"15":0,"16":0,"17":0,"18":2,"19":0,"20":0,"21":0,"22":0,"23":0,"24":0,"25":0,"26":2,"27":0,"28":0,"29":0,"30":0,"31":2,"32":0,"33":0,"34":0,"35":0,"36":2},"f":{"0":0,"1":0,"2":0,"3":0,"4":0},"b":{"0":[0,0],"1":[0,0],"2":[0,0],"3":[0,0],"4":[0,0],"5":[0,0]},"_coverageSchema":"1a1c01bbd47fc00a2c39e90264f33305004495a9","hash":"51cd37d5f906c96be155a8d32c69686410cada3e"}
,"/home/swapnil/Desktop/Projects/node-demo/routes/rentals.js": {"path":"/home/swapnil/Desktop/Projects/node-demo/routes/rentals.js","statementMap":{"0":{"start":{"line":1,"column":16},"end":{"line":1,"column":34}},"1":{"start":{"line":2,"column":15},"end":{"line":2,"column":31}},"2":{"start":{"line":3,"column":30},"end":{"line":3,"column":58}},"3":{"start":{"line":4,"column":21},"end":{"line":4,"column":50}},"4":{"start":{"line":5,"column":19},"end":{"line":5,"column":45}},"5":{"start":{"line":6,"column":17},"end":{"line":6,"column":36}},"6":{"start":{"line":7,"column":13},"end":{"line":7,"column":28}},"7":{"start":{"line":8,"column":13},"end":{"line":8,"column":42}},"8":{"start":{"line":10,"column":0},"end":{"line":10,"column":20}},"9":{"start":{"line":12,"column":0},"end":{"line":15,"column":3}},"10":{"start":{"line":13,"column":17},"end":{"line":13,"column":54}},"11":{"start":{"line":14,"column":2},"end":{"line":14,"column":19}},"12":{"start":{"line":17,"column":0},"end":{"line":50,"column":3}},"13":{"start":{"line":18,"column":20},"end":{"line":18,"column":38}},"14":{"start":{"line":19,"column":2},"end":{"line":19,"column":67}},"15":{"start":{"line":19,"column":13},"end":{"line":19,"column":67}},"16":{"start":{"line":21,"column":19},"end":{"line":21,"column":63}},"17":{"start":{"line":22,"column":2},"end":{"line":22,"column":67}},"18":{"start":{"line":22,"column":17},"end":{"line":22,"column":67}},"19":{"start":{"line":24,"column":16},"end":{"line":24,"column":55}},"20":{"start":{"line":25,"column":2},"end":{"line":25,"column":61}},"21":{"start":{"line":25,"column":14},"end":{"line":25,"column":61}},"22":{"start":{"line":27,"column":2},"end":{"line":27,"column":77}},"23":{"start":{"line":27,"column":33},"end":{"line":27,"column":77}},"24":{"start":{"line":29,"column":15},"end":{"line":40,"column":4}},"25":{"start":{"line":41,"column":2},"end":{"line":49,"column":3}},"26":{"start":{"line":42,"column":4},"end":{"line":45,"column":13}},"27":{"start":{"line":46,"column":4},"end":{"line":46,"column":21}},"28":{"start":{"line":48,"column":4},"end":{"line":48,"column":37}},"29":{"start":{"line":75,"column":0},"end":{"line":80,"column":3}},"30":{"start":{"line":76,"column":17},"end":{"line":76,"column":53}},"31":{"start":{"line":77,"column":2},"end":{"line":77,"column":63}},"32":{"start":{"line":77,"column":15},"end":{"line":77,"column":63}},"33":{"start":{"line":79,"column":2},"end":{"line":79,"column":19}},"34":{"start":{"line":82,"column":0},"end":{"line":82,"column":24}}},"fnMap":{"0":{"name":"(anonymous_0)","decl":{"start":{"line":12,"column":16},"end":{"line":12,"column":17}},"loc":{"start":{"line":12,"column":36},"end":{"line":15,"column":1}},"line":12},"1":{"name":"(anonymous_1)","decl":{"start":{"line":17,"column":23},"end":{"line":17,"column":24}},"loc":{"start":{"line":17,"column":43},"end":{"line":50,"column":1}},"line":17},"2":{"name":"(anonymous_2)","decl":{"start":{"line":75,"column":19},"end":{"line":75,"column":20}},"loc":{"start":{"line":75,"column":39},"end":{"line":80,"column":1}},"line":75}},"branchMap":{"0":{"loc":{"start":{"line":19,"column":2},"end":{"line":19,"column":67}},"type":"if","locations":[{"start":{"line":19,"column":2},"end":{"line":19,"column":67}},{"start":{"line":19,"column":2},"end":{"line":19,"column":67}}],"line":19},"1":{"loc":{"start":{"line":22,"column":2},"end":{"line":22,"column":67}},"type":"if","locations":[{"start":{"line":22,"column":2},"end":{"line":22,"column":67}},{"start":{"line":22,"column":2},"end":{"line":22,"column":67}}],"line":22},"2":{"loc":{"start":{"line":25,"column":2},"end":{"line":25,"column":61}},"type":"if","locations":[{"start":{"line":25,"column":2},"end":{"line":25,"column":61}},{"start":{"line":25,"column":2},"end":{"line":25,"column":61}}],"line":25},"3":{"loc":{"start":{"line":27,"column":2},"end":{"line":27,"column":77}},"type":"if","locations":[{"start":{"line":27,"column":2},"end":{"line":27,"column":77}},{"start":{"line":27,"column":2},"end":{"line":27,"column":77}}],"line":27},"4":{"loc":{"start":{"line":77,"column":2},"end":{"line":77,"column":63}},"type":"if","locations":[{"start":{"line":77,"column":2},"end":{"line":77,"column":63}},{"start":{"line":77,"column":2},"end":{"line":77,"column":63}}],"line":77}},"s":{"0":2,"1":2,"2":2,"3":2,"4":2,"5":2,"6":2,"7":2,"8":2,"9":2,"10":0,"11":0,"12":2,"13":0,"14":0,"15":0,"16":0,"17":0,"18":0,"19":0,"20":0,"21":0,"22":0,"23":0,"24":0,"25":0,"26":0,"27":0,"28":0,"29":2,"30":0,"31":0,"32":0,"33":0,"34":2},"f":{"0":0,"1":0,"2":0},"b":{"0":[0,0],"1":[0,0],"2":[0,0],"3":[0,0],"4":[0,0]},"_coverageSchema":"1a1c01bbd47fc00a2c39e90264f33305004495a9","hash":"95024a2037e7a77bc94aedb1f81346fc4557be80"}
,"/home/swapnil/Desktop/Projects/node-demo/routes/user.js": {"path":"/home/swapnil/Desktop/Projects/node-demo/routes/user.js","statementMap":{"0":{"start":{"line":1,"column":16},"end":{"line":1,"column":34}},"1":{"start":{"line":2,"column":15},"end":{"line":2,"column":31}},"2":{"start":{"line":3,"column":27},"end":{"line":3,"column":52}},"3":{"start":{"line":4,"column":10},"end":{"line":4,"column":27}},"4":{"start":{"line":5,"column":15},"end":{"line":5,"column":32}},"5":{"start":{"line":6,"column":13},"end":{"line":6,"column":42}},"6":{"start":{"line":8,"column":0},"end":{"line":11,"column":3}},"7":{"start":{"line":9,"column":15},"end":{"line":9,"column":68}},"8":{"start":{"line":10,"column":2},"end":{"line":10,"column":17}},"9":{"start":{"line":13,"column":0},"end":{"line":31,"column":3}},"10":{"start":{"line":14,"column":20},"end":{"line":14,"column":38}},"11":{"start":{"line":15,"column":2},"end":{"line":15,"column":67}},"12":{"start":{"line":15,"column":13},"end":{"line":15,"column":67}},"13":{"start":{"line":17,"column":13},"end":{"line":17,"column":58}},"14":{"start":{"line":18,"column":2},"end":{"line":18,"column":62}},"15":{"start":{"line":18,"column":12},"end":{"line":18,"column":62}},"16":{"start":{"line":20,"column":2},"end":{"line":20,"column":67}},"17":{"start":{"line":22,"column":15},"end":{"line":22,"column":39}},"18":{"start":{"line":23,"column":2},"end":{"line":23,"column":57}},"19":{"start":{"line":25,"column":2},"end":{"line":25,"column":20}},"20":{"start":{"line":26,"column":16},"end":{"line":26,"column":40}},"21":{"start":{"line":28,"column":2},"end":{"line":30,"column":50}},"22":{"start":{"line":33,"column":0},"end":{"line":33,"column":24}}},"fnMap":{"0":{"name":"(anonymous_0)","decl":{"start":{"line":8,"column":24},"end":{"line":8,"column":25}},"loc":{"start":{"line":8,"column":44},"end":{"line":11,"column":1}},"line":8},"1":{"name":"(anonymous_1)","decl":{"start":{"line":13,"column":23},"end":{"line":13,"column":24}},"loc":{"start":{"line":13,"column":43},"end":{"line":31,"column":1}},"line":13}},"branchMap":{"0":{"loc":{"start":{"line":15,"column":2},"end":{"line":15,"column":67}},"type":"if","locations":[{"start":{"line":15,"column":2},"end":{"line":15,"column":67}},{"start":{"line":15,"column":2},"end":{"line":15,"column":67}}],"line":15},"1":{"loc":{"start":{"line":18,"column":2},"end":{"line":18,"column":62}},"type":"if","locations":[{"start":{"line":18,"column":2},"end":{"line":18,"column":62}},{"start":{"line":18,"column":2},"end":{"line":18,"column":62}}],"line":18}},"s":{"0":2,"1":2,"2":2,"3":2,"4":2,"5":2,"6":2,"7":0,"8":0,"9":2,"10":0,"11":0,"12":0,"13":0,"14":0,"15":0,"16":0,"17":0,"18":0,"19":0,"20":0,"21":0,"22":2},"f":{"0":0,"1":0},"b":{"0":[0,0],"1":[0,0]},"_coverageSchema":"1a1c01bbd47fc00a2c39e90264f33305004495a9","hash":"dc11feb367e3474514580b9e57238517a4f98d6f"}
,"/home/swapnil/Desktop/Projects/node-demo/startup/config.js": {"path":"/home/swapnil/Desktop/Projects/node-demo/startup/config.js","statementMap":{"0":{"start":{"line":1,"column":15},"end":{"line":1,"column":32}},"1":{"start":{"line":3,"column":0},"end":{"line":7,"column":2}},"2":{"start":{"line":4,"column":2},"end":{"line":6,"column":3}},"3":{"start":{"line":5,"column":4},"end":{"line":5,"column":65}}},"fnMap":{"0":{"name":"(anonymous_0)","decl":{"start":{"line":3,"column":17},"end":{"line":3,"column":18}},"loc":{"start":{"line":3,"column":29},"end":{"line":7,"column":1}},"line":3}},"branchMap":{"0":{"loc":{"start":{"line":4,"column":2},"end":{"line":6,"column":3}},"type":"if","locations":[{"start":{"line":4,"column":2},"end":{"line":6,"column":3}},{"start":{"line":4,"column":2},"end":{"line":6,"column":3}}],"line":4}},"s":{"0":2,"1":2,"2":2,"3":0},"f":{"0":2},"b":{"0":[0,2]},"_coverageSchema":"1a1c01bbd47fc00a2c39e90264f33305004495a9","hash":"7a730c8643c859b181ea273dc72369f42446df83"}
,"/home/swapnil/Desktop/Projects/node-demo/startup/db.js": {"path":"/home/swapnil/Desktop/Projects/node-demo/startup/db.js","statementMap":{"0":{"start":{"line":1,"column":16},"end":{"line":1,"column":34}},"1":{"start":{"line":2,"column":17},"end":{"line":2,"column":36}},"2":{"start":{"line":3,"column":15},"end":{"line":3,"column":32}},"3":{"start":{"line":5,"column":0},"end":{"line":8,"column":2}},"4":{"start":{"line":6,"column":13},"end":{"line":6,"column":29}},"5":{"start":{"line":7,"column":2},"end":{"line":7,"column":73}},"6":{"start":{"line":7,"column":34},"end":{"line":7,"column":71}}},"fnMap":{"0":{"name":"(anonymous_0)","decl":{"start":{"line":5,"column":17},"end":{"line":5,"column":18}},"loc":{"start":{"line":5,"column":29},"end":{"line":8,"column":1}},"line":5},"1":{"name":"(anonymous_1)","decl":{"start":{"line":7,"column":28},"end":{"line":7,"column":29}},"loc":{"start":{"line":7,"column":34},"end":{"line":7,"column":71}},"line":7}},"branchMap":{},"s":{"0":2,"1":2,"2":2,"3":2,"4":2,"5":2,"6":2},"f":{"0":2,"1":2},"b":{},"_coverageSchema":"1a1c01bbd47fc00a2c39e90264f33305004495a9","hash":"9d33e3cff5418b0330df7551835be52d48911fcb"}
,"/home/swapnil/Desktop/Projects/node-demo/startup/logging.js": {"path":"/home/swapnil/Desktop/Projects/node-demo/startup/logging.js","statementMap":{"0":{"start":{"line":2,"column":16},"end":{"line":2,"column":34}},"1":{"start":{"line":3,"column":0},"end":{"line":3,"column":32}},"2":{"start":{"line":5,"column":0},"end":{"line":17,"column":2}},"3":{"start":{"line":6,"column":2},"end":{"line":9,"column":4}},"4":{"start":{"line":11,"column":2},"end":{"line":13,"column":5}},"5":{"start":{"line":12,"column":4},"end":{"line":12,"column":13}},"6":{"start":{"line":15,"column":2},"end":{"line":15,"column":68}}},"fnMap":{"0":{"name":"(anonymous_0)","decl":{"start":{"line":5,"column":17},"end":{"line":5,"column":18}},"loc":{"start":{"line":5,"column":29},"end":{"line":17,"column":1}},"line":5},"1":{"name":"(anonymous_1)","decl":{"start":{"line":11,"column":35},"end":{"line":11,"column":36}},"loc":{"start":{"line":11,"column":43},"end":{"line":13,"column":3}},"line":11}},"branchMap":{},"s":{"0":2,"1":2,"2":2,"3":2,"4":2,"5":0,"6":2},"f":{"0":2,"1":0},"b":{},"_coverageSchema":"1a1c01bbd47fc00a2c39e90264f33305004495a9","hash":"846b9413e149c6dffb95e5bf16dfc47aa181d297"}
,"/home/swapnil/Desktop/Projects/node-demo/startup/routes.js": {"path":"/home/swapnil/Desktop/Projects/node-demo/startup/routes.js","statementMap":{"0":{"start":{"line":1,"column":16},"end":{"line":1,"column":34}},"1":{"start":{"line":2,"column":18},"end":{"line":2,"column":48}},"2":{"start":{"line":3,"column":15},"end":{"line":3,"column":42}},"3":{"start":{"line":4,"column":15},"end":{"line":4,"column":42}},"4":{"start":{"line":5,"column":16},"end":{"line":5,"column":44}},"5":{"start":{"line":6,"column":13},"end":{"line":6,"column":38}},"6":{"start":{"line":7,"column":13},"end":{"line":7,"column":38}},"7":{"start":{"line":8,"column":14},"end":{"line":8,"column":44}},"8":{"start":{"line":9,"column":0},"end":{"line":19,"column":2}},"9":{"start":{"line":10,"column":2},"end":{"line":10,"column":26}},"10":{"start":{"line":11,"column":2},"end":{"line":11,"column":33}},"11":{"start":{"line":12,"column":2},"end":{"line":12,"column":30}},"12":{"start":{"line":13,"column":2},"end":{"line":13,"column":39}},"13":{"start":{"line":14,"column":2},"end":{"line":14,"column":33}},"14":{"start":{"line":15,"column":2},"end":{"line":15,"column":35}},"15":{"start":{"line":16,"column":2},"end":{"line":16,"column":29}},"16":{"start":{"line":17,"column":2},"end":{"line":17,"column":17}},"17":{"start":{"line":18,"column":2},"end":{"line":18,"column":12}}},"fnMap":{"0":{"name":"(anonymous_0)","decl":{"start":{"line":9,"column":17},"end":{"line":9,"column":18}},"loc":{"start":{"line":9,"column":32},"end":{"line":19,"column":1}},"line":9}},"branchMap":{},"s":{"0":2,"1":2,"2":2,"3":2,"4":2,"5":2,"6":2,"7":2,"8":2,"9":2,"10":2,"11":2,"12":2,"13":2,"14":2,"15":2,"16":2,"17":2},"f":{"0":2},"b":{},"_coverageSchema":"1a1c01bbd47fc00a2c39e90264f33305004495a9","hash":"5b74cfa5c7b7a2dae6817ddb8803073f316ec3ef"}
,"/home/swapnil/Desktop/Projects/node-demo/startup/validation.js": {"path":"/home/swapnil/Desktop/Projects/node-demo/startup/validation.js","statementMap":{"0":{"start":{"line":1,"column":12},"end":{"line":1,"column":26}},"1":{"start":{"line":3,"column":0},"end":{"line":5,"column":2}},"2":{"start":{"line":4,"column":2},"end":{"line":4,"column":46}}},"fnMap":{"0":{"name":"(anonymous_0)","decl":{"start":{"line":3,"column":17},"end":{"line":3,"column":18}},"loc":{"start":{"line":3,"column":29},"end":{"line":5,"column":1}},"line":3}},"branchMap":{},"s":{"0":2,"1":2,"2":2},"f":{"0":2},"b":{},"_coverageSchema":"1a1c01bbd47fc00a2c39e90264f33305004495a9","hash":"12473dfc9cf9e0e822262ad235c3249582aad387"}
}
